Application/build/outputs/logs/manifest-merger-debug-report.txt
-- Merging decision tree log ---
manifest
ADDED from src/main/AndroidManifest.xml:16:1-49:12
	package
		ADDED from src/main/AndroidManifest.xml:17:5-48
	android:versionName
		ADDED from src/main/AndroidManifest.xml:19:5-30
		INJECTED from src/main/AndroidManifest.xml
		INJECTED from src/main/AndroidManifest.xml
	android:versionCode
		ADDED from src/main/AndroidManifest.xml:18:5-28
		INJECTED from src/main/AndroidManifest.xml
		INJECTED from src/main/AndroidManifest.xml
	xmlns:android
		ADDED from src/main/AndroidManifest.xml:16:11-69
uses-permission#android.permission.BLUETOOTH_ADMIN
ADDED from src/main/AndroidManifest.xml:23:5-74
	android:name
		ADDED from src/main/AndroidManifest.xml:23:22-71
uses-permission#android.permission.BLUETOOTH
ADDED from src/main/AndroidManifest.xml:24:5-68
	android:name
		ADDED from src/main/AndroidManifest.xml:24:22-65
application
ADDED from src/main/AndroidManifest.xml:26:5-47:19
MERGED from [com.android.support:gridlayout-v7:24.1.1] AndroidManifest.xml:22:5-20
MERGED from [com.android.support:cardview-v7:24.1.1] AndroidManifest.xml:22:5-20
MERGED from [com.android.support:appcompat-v7:24.1.1] AndroidManifest.xml:25:5-20
MERGED from [com.android.support:animated-vector-drawable:24.1.1] AndroidManifest.xml:22:5-20
MERGED from [com.android.support:support-vector-drawable:24.1.1] AndroidManifest.xml:23:5-20
MERGED from [com.android.support:support-v4:24.1.1] AndroidManifest.xml:25:5-20
	android:label
		ADDED from src/main/AndroidManifest.xml:29:9-41
	android:allowBackup
		ADDED from src/main/AndroidManifest.xml:27:9-35
	android:icon
		ADDED from src/main/AndroidManifest.xml:28:9-45
	android:theme
		ADDED from src/main/AndroidManifest.xml:30:9-40
activity#com.example.android.bluetoothchat.MainActivity
ADDED from src/main/AndroidManifest.xml:31:9-40:20
	android:label
		ADDED from src/main/AndroidManifest.xml:34:13-45
	android:configChanges
		ADDED from src/main/AndroidManifest.xml:33:13-63
	android:name
		ADDED from src/main/AndroidManifest.xml:32:13-41
intent-filter#android.intent.action.MAIN+android.intent.category.LAUNCHER
ADDED from src/main/AndroidManifest.xml:35:13-39:29
action#android.intent.action.MAIN
ADDED from src/main/AndroidManifest.xml:36:17-69
	android:name
		ADDED from src/main/AndroidManifest.xml:36:25-66
category#android.intent.category.LAUNCHER
ADDED from src/main/AndroidManifest.xml:38:17-77
	android:name
		ADDED from src/main/AndroidManifest.xml:38:27-74
activity#com.example.android.bluetoothchat.DeviceListActivity
ADDED from src/main/AndroidManifest.xml:41:9-45:64
	android:label
		ADDED from src/main/AndroidManifest.xml:44:13-50
	android:configChanges
		ADDED from src/main/AndroidManifest.xml:43:13-63
	android:theme
		ADDED from src/main/AndroidManifest.xml:45:13-61
	android:name
		ADDED from src/main/AndroidManifest.xml:42:13-47
activity#com.example.android.bluetoothchat.ShowGraphActivity
ADDED from src/main/AndroidManifest.xml:46:9-64
	android:name
		ADDED from src/main/AndroidManifest.xml:46:19-52
uses-sdk
INJECTED from src/main/AndroidManifest.xml reason: use-sdk injection requested
MERGED from [com.android.support:gridlayout-v7:24.1.1] AndroidManifest.xml:20:5-43
MERGED from [com.android.support:cardview-v7:24.1.1] AndroidManifest.xml:20:5-43
MERGED from [com.android.support:appcompat-v7:24.1.1] AndroidManifest.xml:21:5-23:78
MERGED from [com.android.support:animated-vector-drawable:24.1.1] AndroidManifest.xml:20:5-44
MERGED from [com.android.support:support-vector-drawable:24.1.1] AndroidManifest.xml:21:5-43
MERGED from [com.android.support:support-v4:24.1.1] AndroidManifest.xml:21:5-23:54
	tools:overrideLibrary
		ADDED from [com.android.support:appcompat-v7:24.1.1] AndroidManifest.xml:23:9-75
	android:targetSdkVersion
		INJECTED from src/main/AndroidManifest.xml
		INJECTED from src/main/AndroidManifest.xml
	android:minSdkVersion
		INJECTED from src/main/AndroidManifest.xml
		INJECTED from src/main/AndroidManifest.xml